2019-01-29 01:11:26,898 INFO  DownloadService - Downloading "https://github.com/Kyash/rx-keyboard-detector/archive/master.zip", attempt 3
2019-01-29 01:11:28,322 INFO  DownloadService - Downloaded https://github.com/Kyash/rx-keyboard-detector/archive/master.zip, attempt 3
2019-01-29 01:11:28,323 INFO  DownloadService - Size of file "/var/folders/bq/vtzpc5ns5sg2cthy61lqpg3dfzgbys/T/1548713486890-0/master.zip": 294 KB
2019-01-29 01:11:28,323 INFO  ArchiveUtils - Checking entries [.gradle] in ZIP file...
2019-01-29 01:11:28,328 INFO  ArchiveUtils - Has entries [.gradle] in ZIP file /var/folders/bq/vtzpc5ns5sg2cthy61lqpg3dfzgbys/T/1548713486890-0/master.zip: true
2019-01-29 01:11:28,328 DEBUG ZipUtil - Extracting '/var/folders/bq/vtzpc5ns5sg2cthy61lqpg3dfzgbys/T/1548713486890-0/master.zip' into '/var/folders/bq/vtzpc5ns5sg2cthy61lqpg3dfzgbys/T/1548713486890-0/src'.
2019-01-29 01:11:28,348 INFO  FullProcessService - Size of directory with sources: 323 KB
2019-01-29 01:11:28,348 INFO  SysUtils - Execute command: [git, init, /var/folders/bq/vtzpc5ns5sg2cthy61lqpg3dfzgbys/T/1548713486890-0/src]
2019-01-29 01:11:28,368 INFO  SysUtils - Initialized empty Git repository in /private/var/folders/bq/vtzpc5ns5sg2cthy61lqpg3dfzgbys/T/1548713486890-0/src/.git/

2019-01-29 01:11:28,371 INFO  ProjectBuildService - Gradle wrapper(s): /var/folders/bq/vtzpc5ns5sg2cthy61lqpg3dfzgbys/T/1548713486890-0/src/rx-keyboard-detector-master/gradlew
2019-01-29 01:11:28,374 INFO  ProjectBuildService - Build script(s): /var/folders/bq/vtzpc5ns5sg2cthy61lqpg3dfzgbys/T/1548713486890-0/src/rx-keyboard-detector-master/example/build.gradle /var/folders/bq/vtzpc5ns5sg2cthy61lqpg3dfzgbys/T/1548713486890-0/src/rx-keyboard-detector-master/library/build.gradle /var/folders/bq/vtzpc5ns5sg2cthy61lqpg3dfzgbys/T/1548713486890-0/src/rx-keyboard-detector-master/build.gradle
2019-01-29 01:11:28,378 INFO  ProjectBuildService - All script(s): /var/folders/bq/vtzpc5ns5sg2cthy61lqpg3dfzgbys/T/1548713486890-0/src/rx-keyboard-detector-master/example/build.gradle /var/folders/bq/vtzpc5ns5sg2cthy61lqpg3dfzgbys/T/1548713486890-0/src/rx-keyboard-detector-master/library/build.gradle /var/folders/bq/vtzpc5ns5sg2cthy61lqpg3dfzgbys/T/1548713486890-0/src/rx-keyboard-detector-master/build.gradle /var/folders/bq/vtzpc5ns5sg2cthy61lqpg3dfzgbys/T/1548713486890-0/src/rx-keyboard-detector-master/settings.gradle
2019-01-29 01:11:28,378 INFO  ProjectBuildService - Remote scripts: none
2019-01-29 01:11:28,378 INFO  ProjectFixService - Fixing project...
2019-01-29 01:11:28,385 INFO  LocalPropertiesFixService - Created fake /var/folders/bq/vtzpc5ns5sg2cthy61lqpg3dfzgbys/T/1548713486890-0/src/rx-keyboard-detector-master/example/local.properties
2019-01-29 01:11:28,387 INFO  ProjectFixService - Build info for "/var/folders/bq/vtzpc5ns5sg2cthy61lqpg3dfzgbys/T/1548713486890-0/src/rx-keyboard-detector-master/example/build.gradle": [buildToolsVersion=<null>,compileSdkVersion=<null>,minSdkVersion=<null>,targetSdkVersion=<null>]
2019-01-29 01:11:28,387 INFO  ProjectFixService - Fixed build info for "/var/folders/bq/vtzpc5ns5sg2cthy61lqpg3dfzgbys/T/1548713486890-0/src/rx-keyboard-detector-master/example/build.gradle": [buildToolsVersion=28.0.0-rc2,compileSdkVersion=28,minSdkVersion=28,targetSdkVersion=28]
2019-01-29 01:11:28,388 INFO  LocalPropertiesFixService - Created fake /var/folders/bq/vtzpc5ns5sg2cthy61lqpg3dfzgbys/T/1548713486890-0/src/rx-keyboard-detector-master/library/local.properties
2019-01-29 01:11:28,390 INFO  ProjectFixService - Build info for "/var/folders/bq/vtzpc5ns5sg2cthy61lqpg3dfzgbys/T/1548713486890-0/src/rx-keyboard-detector-master/library/build.gradle": [buildToolsVersion=<null>,compileSdkVersion=<null>,minSdkVersion=<null>,targetSdkVersion=<null>]
2019-01-29 01:11:28,390 INFO  ProjectFixService - Fixed build info for "/var/folders/bq/vtzpc5ns5sg2cthy61lqpg3dfzgbys/T/1548713486890-0/src/rx-keyboard-detector-master/library/build.gradle": [buildToolsVersion=28.0.0-rc2,compileSdkVersion=28,minSdkVersion=28,targetSdkVersion=28]
2019-01-29 01:11:28,391 INFO  LocalPropertiesFixService - Created fake /var/folders/bq/vtzpc5ns5sg2cthy61lqpg3dfzgbys/T/1548713486890-0/src/rx-keyboard-detector-master/local.properties
2019-01-29 01:11:28,391 INFO  WrapperPropertiesFixService - Gradle wrapper: https://services.gradle.org/distributions/gradle-4.4-all.zip
2019-01-29 01:11:28,392 INFO  WrapperPropertiesFixService - Gradle wrapper was changed from "-all.zip" to "-bin.zip" (https://services.gradle.org/distributions/gradle-4.4-bin.zip)
2019-01-29 01:11:28,393 INFO  ProjectFixService - Build info for "/var/folders/bq/vtzpc5ns5sg2cthy61lqpg3dfzgbys/T/1548713486890-0/src/rx-keyboard-detector-master/build.gradle": [buildToolsVersion=<null>,compileSdkVersion=<null>,minSdkVersion=<null>,targetSdkVersion=<null>]
2019-01-29 01:11:28,394 INFO  ProjectFixService - Fixed build info for "/var/folders/bq/vtzpc5ns5sg2cthy61lqpg3dfzgbys/T/1548713486890-0/src/rx-keyboard-detector-master/build.gradle": [buildToolsVersion=28.0.0-rc2,compileSdkVersion=28,minSdkVersion=28,targetSdkVersion=28]
2019-01-29 01:11:28,394 INFO  ProjectFixService - Project was maybe fixed
2019-01-29 01:11:28,394 INFO  ProjectTaskService - Detecting possible tasks...
2019-01-29 01:11:28,394 INFO  SysUtils - Execute command: [/var/folders/bq/vtzpc5ns5sg2cthy61lqpg3dfzgbys/T/1548713486890-0/src/rx-keyboard-detector-master/gradlew, -b, /var/folders/bq/vtzpc5ns5sg2cthy61lqpg3dfzgbys/T/1548713486890-0/src/rx-keyboard-detector-master/example/build.gradle, -Dorg.gradle.daemon=false, -Dorg.gradle.daemon.performance.enable-monitoring=false, -Dorg.gradle.configureondemand=true, tasks]
2019-01-29 01:11:35,406 INFO  ProjectTaskService - Detected possible tasks: 68
2019-01-29 01:11:35,406 INFO  ProjectTaskService - Excluded tasks (20): lintDebug mockableAndroidJar deviceCheck lint testReleaseUnitTest uninstallRelease deviceAndroidTest uninstallDebugAndroidTest installRelease installDebugAndroidTest connectedCheck connectedDebugAndroidTest uninstallAll test check testDebugUnitTest connectedAndroidTest installDebug lintRelease uninstallDebug
2019-01-29 01:11:35,406 INFO  SysUtils - Execute command: [/var/folders/bq/vtzpc5ns5sg2cthy61lqpg3dfzgbys/T/1548713486890-0/src/rx-keyboard-detector-master/gradlew, -b, /var/folders/bq/vtzpc5ns5sg2cthy61lqpg3dfzgbys/T/1548713486890-0/src/rx-keyboard-detector-master/example/build.gradle, -Dorg.gradle.daemon=false, -Dorg.gradle.daemon.performance.enable-monitoring=false, -Dorg.gradle.configureondemand=true, --stacktrace, -x, lintDebug, -x, mockableAndroidJar, -x, deviceCheck, -x, lint, -x, testReleaseUnitTest, -x, uninstallRelease, -x, deviceAndroidTest, -x, uninstallDebugAndroidTest, -x, installRelease, -x, installDebugAndroidTest, -x, connectedCheck, -x, connectedDebugAndroidTest, -x, uninstallAll, -x, test, -x, check, -x, testDebugUnitTest, -x, connectedAndroidTest, -x, installDebug, -x, lintRelease, -x, uninstallDebug, build]
2019-01-29 01:11:46,647 ERROR SysUtils - Could not process external command
org.apache.commons.exec.ExecuteException: Process exited with an error: 1 (Exit value: 1)
	at org.apache.commons.exec.DefaultExecutor.executeInternal(DefaultExecutor.java:404)
	at org.apache.commons.exec.DefaultExecutor.execute(DefaultExecutor.java:166)
	at com.github.vbauer.apkmaster.util.SysUtils.execute(SysUtils.java:67)
	at com.github.vbauer.apkmaster.util.SysUtils.executeSimple(SysUtils.java:43)
	at com.github.vbauer.apkmaster.service.assembly.ProjectBuildService.buildProject(ProjectBuildService.java:78)
	at com.github.vbauer.apkmaster.service.assembly.ProjectBuildService.buildProject(ProjectBuildService.java:64)
	at com.github.vbauer.apkmaster.service.assembly.ProjectBuildService.buildProject(ProjectBuildService.java:43)
	at com.github.vbauer.apkmaster.service.FullProcessService.build(FullProcessService.java:84)
	at com.github.vbauer.apkmaster.service.FullProcessService.process(FullProcessService.java:34)
	at com.github.vbauer.apkmaster.app.MainApplication.process(MainApplication.java:38)
	at com.github.vbauer.apkmaster.app.MainApplication.main(MainApplication.java:20)
	at sun.reflect.GeneratedMethodAccessor8.invoke(Unknown Source)
	at sun.reflect.DelegatingMethodAccessorImpl.invoke(DelegatingMethodAccessorImpl.java:43)
	at java.lang.reflect.Method.invoke(Method.java:498)
	at com.android.arsenal.util.ReflectionUtils.invoke(ReflectionUtils.java:52)
	at com.android.arsenal.util.ApkMasterUtils.main(ApkMasterUtils.java:30)
	at com.android.arsenal.service.processor.impl.BuildProcessorServiceImpl.buildProject(BuildProcessorServiceImpl.java:196)
	at com.android.arsenal.service.processor.impl.BuildProcessorServiceImpl.build(BuildProcessorServiceImpl.java:130)
	at com.android.arsenal.service.processor.impl.BuildProcessorServiceImpl.lambda$createTasks$1(BuildProcessorServiceImpl.java:113)
	at java.util.concurrent.FutureTask.run(FutureTask.java:266)
	at java.util.concurrent.Executors$RunnableAdapter.call(Executors.java:511)
	at java.util.concurrent.FutureTask.run(FutureTask.java:266)
	at java.util.concurrent.ThreadPoolExecutor.runWorker(ThreadPoolExecutor.java:1149)
	at java.util.concurrent.ThreadPoolExecutor$Worker.run(ThreadPoolExecutor.java:624)
	at java.lang.Thread.run(Thread.java:748)
2019-01-29 01:11:46,647 INFO  SysUtils - Configuration on demand is an incubating feature.
example: 'annotationProcessor' dependencies won't be recognized as kapt annotation processors. Please change the configuration name to 'kapt' for these artifacts: 'com.android.databinding:compiler:3.1.0'.
:example:preBuild UP-TO-DATE
:library:preBuild UP-TO-DATE
:library:preDebugBuild UP-TO-DATE
:library:checkDebugManifest
:library:processDebugManifest
:example:preDebugBuild
Download https://dl.google.com/dl/android/maven2/com/android/databinding/library/3.1.0/library-3.1.0.aar
Download https://dl.google.com/dl/android/maven2/com/android/databinding/adapters/3.1.0/adapters-3.1.0.aar
:library:compileDebugAidl
:example:compileDebugAidl
:library:packageDebugRenderscript NO-SOURCE
:example:compileDebugRenderscript
:example:generateDebugResValues
:example:generateDebugResources
:library:compileDebugRenderscript
:library:generateDebugResValues
:library:generateDebugResources
:library:packageDebugResources
:example:mergeDebugResources
:example:transformDataBindingBaseClassLogWithDataBindingMergeGenClassesForDebug
:example:dataBindingGenBaseClassesDebug
:example:checkDebugManifest
:example:generateDebugBuildConfig
:example:prepareLintJar
:example:mainApkListPersistenceDebug
:example:createDebugCompatibleScreenManifests
:example:processDebugManifest
:example:splitsDiscoveryTaskDebug
:library:platformAttrExtractor
:library:generateDebugBuildConfig
:library:prepareLintJar
:library:processDebugJavaRes NO-SOURCE
:example:transformDataBindingWithDataBindingMergeArtifactsForDebug
:example:compileDebugNdk NO-SOURCE
:example:mergeDebugShaders
:example:compileDebugShaders
:example:generateDebugAssets
:library:mergeDebugShaders
:library:compileDebugShaders
:library:generateDebugAssets
:library:packageDebugAssets
:example:mergeDebugAssets
:example:mergeDebugJniLibFolders
:library:compileDebugNdk NO-SOURCE
:library:mergeDebugJniLibFolders
:library:transformNativeLibsWithMergeJniLibsForDebug
:library:transformNativeLibsWithStripDebugSymbolForDebug
:library:transformNativeLibsWithIntermediateJniLibsForDebug
:example:processDebugJavaRes NO-SOURCE
:example:validateSigningDebug
:library:preReleaseBuild UP-TO-DATE
:library:checkReleaseManifest
:library:processReleaseManifest
:example:preReleaseBuild
:library:compileReleaseAidl
:example:compileReleaseAidl
:library:packageReleaseRenderscript NO-SOURCE
:example:compileReleaseRenderscript
:example:generateReleaseResValues
:example:generateReleaseResources
:library:compileReleaseRenderscript
:library:generateReleaseResValues
:library:generateReleaseResources
:library:packageReleaseResources
:example:mergeReleaseResources
:example:transformDataBindingBaseClassLogWithDataBindingMergeGenClassesForRelease
:example:dataBindingGenBaseClassesRelease
:example:checkReleaseManifest
:example:generateReleaseBuildConfig
:example:mainApkListPersistenceRelease
:example:createReleaseCompatibleScreenManifests
:example:processReleaseManifest
:example:splitsDiscoveryTaskRelease
:library:generateReleaseBuildConfig
:library:processReleaseJavaRes NO-SOURCE
:example:transformDataBindingWithDataBindingMergeArtifactsForRelease
:example:compileReleaseNdk NO-SOURCE
:example:mergeReleaseShaders
:example:compileReleaseShaders
:example:generateReleaseAssets
:library:mergeReleaseShaders
:library:compileReleaseShaders
:library:generateReleaseAssets
:library:packageReleaseAssets
:example:mergeReleaseAssets
:example:mergeReleaseJniLibFolders
:library:compileReleaseNdk NO-SOURCE
:library:mergeReleaseJniLibFolders
:library:transformNativeLibsWithMergeJniLibsForRelease
:library:transformNativeLibsWithStripDebugSymbolForRelease
:library:transformNativeLibsWithIntermediateJniLibsForRelease
:example:processReleaseJavaRes NO-SOURCE
:example:validateSigningRelease FAILED

FAILURE: Build failed with an exception.

* What went wrong:
Execution failed for task ':example:validateSigningRelease'.
> Keystore file '/private/var/folders/bq/vtzpc5ns5sg2cthy61lqpg3dfzgbys/T/1548713486890-0/src/rx-keyboard-detector-master/example/debug.keystore' not found for signing config 'release'.

* Try:
Run with --info or --debug option to get more log output. Run with --scan to get full insights.

* Exception is:
org.gradle.api.tasks.TaskExecutionException: Execution failed for task ':example:validateSigningRelease'.
	at org.gradle.api.internal.tasks.execution.ExecuteActionsTaskExecuter.executeActions(ExecuteActionsTaskExecuter.java:100)
	at org.gradle.api.internal.tasks.execution.ExecuteActionsTaskExecuter.execute(ExecuteActionsTaskExecuter.java:70)
	at org.gradle.api.internal.tasks.execution.OutputDirectoryCreatingTaskExecuter.execute(OutputDirectoryCreatingTaskExecuter.java:51)
	at org.gradle.api.internal.tasks.execution.SkipUpToDateTaskExecuter.execute(SkipUpToDateTaskExecuter.java:62)
	at org.gradle.api.internal.tasks.execution.ResolveTaskOutputCachingStateExecuter.execute(ResolveTaskOutputCachingStateExecuter.java:54)
	at org.gradle.api.internal.tasks.execution.ValidatingTaskExecuter.execute(ValidatingTaskExecuter.java:60)
	at org.gradle.api.internal.tasks.execution.SkipEmptySourceFilesTaskExecuter.execute(SkipEmptySourceFilesTaskExecuter.java:97)
	at org.gradle.api.internal.tasks.execution.CleanupStaleOutputsExecuter.execute(CleanupStaleOutputsExecuter.java:87)
	at org.gradle.api.internal.tasks.execution.ResolveTaskArtifactStateTaskExecuter.execute(ResolveTaskArtifactStateTaskExecuter.java:52)
	at org.gradle.api.internal.tasks.execution.SkipTaskWithNoActionsExecuter.execute(SkipTaskWithNoActionsExecuter.java:52)
	at org.gradle.api.internal.tasks.execution.SkipOnlyIfTaskExecuter.execute(SkipOnlyIfTaskExecuter.java:54)
	at org.gradle.api.internal.tasks.execution.ExecuteAtMostOnceTaskExecuter.execute(ExecuteAtMostOnceTaskExecuter.java:43)
	at org.gradle.api.internal.tasks.execution.CatchExceptionTaskExecuter.execute(CatchExceptionTaskExecuter.java:34)
	at org.gradle.execution.taskgraph.DefaultTaskGraphExecuter$EventFiringTaskWorker$1.run(DefaultTaskGraphExecuter.java:248)
	at org.gradle.internal.progress.DefaultBuildOperationExecutor$RunnableBuildOperationWorker.execute(DefaultBuildOperationExecutor.java:336)
	at org.gradle.internal.progress.DefaultBuildOperationExecutor$RunnableBuildOperationWorker.execute(DefaultBuildOperationExecutor.java:328)
	at org.gradle.internal.progress.DefaultBuildOperationExecutor.execute(DefaultBuildOperationExecutor.java:199)
	at org.gradle.internal.progress.DefaultBuildOperationExecutor.run(DefaultBuildOperationExecutor.java:110)
	at org.gradle.execution.taskgraph.DefaultTaskGraphExecuter$EventFiringTaskWorker.execute(DefaultTaskGraphExecuter.java:241)
	at org.gradle.execution.taskgraph.DefaultTaskGraphExecuter$EventFiringTaskWorker.execute(DefaultTaskGraphExecuter.java:230)
	at org.gradle.execution.taskgraph.DefaultTaskPlanExecutor$TaskExecutorWorker.processTask(DefaultTaskPlanExecutor.java:123)
	at org.gradle.execution.taskgraph.DefaultTaskPlanExecutor$TaskExecutorWorker.access$200(DefaultTaskPlanExecutor.java:79)
	at org.gradle.execution.taskgraph.DefaultTaskPlanExecutor$TaskExecutorWorker$1.execute(DefaultTaskPlanExecutor.java:104)
	at org.gradle.execution.taskgraph.DefaultTaskPlanExecutor$TaskExecutorWorker$1.execute(DefaultTaskPlanExecutor.java:98)
	at org.gradle.execution.taskgraph.DefaultTaskExecutionPlan.execute(DefaultTaskExecutionPlan.java:626)
	at org.gradle.execution.taskgraph.DefaultTaskExecutionPlan.executeWithTask(DefaultTaskExecutionPlan.java:581)
	at org.gradle.execution.taskgraph.DefaultTaskPlanExecutor$TaskExecutorWorker.run(DefaultTaskPlanExecutor.java:98)
	at org.gradle.internal.concurrent.ExecutorPolicy$CatchAndRecordFailures.onExecute(ExecutorPolicy.java:63)
	at org.gradle.internal.concurrent.ManagedExecutorImpl$1.run(ManagedExecutorImpl.java:46)
	at org.gradle.internal.concurrent.ThreadFactoryImpl$ManagedThreadRunnable.run(ThreadFactoryImpl.java:55)
Caused by: org.gradle.api.InvalidUserDataException: Keystore file '/private/var/folders/bq/vtzpc5ns5sg2cthy61lqpg3dfzgbys/T/1548713486890-0/src/rx-keyboard-detector-master/example/debug.keystore' not found for signing config 'release'.
	at com.android.build.gradle.internal.tasks.ValidateSigningTask.validate(ValidateSigningTask.kt:71)
	at org.gradle.internal.reflect.JavaMethod.invoke(JavaMethod.java:73)
	at org.gradle.api.internal.project.taskfactory.StandardTaskAction.doExecute(StandardTaskAction.java:46)
	at org.gradle.api.internal.project.taskfactory.StandardTaskAction.execute(StandardTaskAction.java:39)
	at org.gradle.api.internal.project.taskfactory.StandardTaskAction.execute(StandardTaskAction.java:26)
	at org.gradle.api.internal.AbstractTask$TaskActionWrapper.execute(AbstractTask.java:780)
	at org.gradle.api.internal.AbstractTask$TaskActionWrapper.execute(AbstractTask.java:747)
	at org.gradle.api.internal.tasks.execution.ExecuteActionsTaskExecuter$1.run(ExecuteActionsTaskExecuter.java:121)
	at org.gradle.internal.progress.DefaultBuildOperationExecutor$RunnableBuildOperationWorker.execute(DefaultBuildOperationExecutor.java:336)
	at org.gradle.internal.progress.DefaultBuildOperationExecutor$RunnableBuildOperationWorker.execute(DefaultBuildOperationExecutor.java:328)
	at org.gradle.internal.progress.DefaultBuildOperationExecutor.execute(DefaultBuildOperationExecutor.java:199)
	at org.gradle.internal.progress.DefaultBuildOperationExecutor.run(DefaultBuildOperationExecutor.java:110)
	at org.gradle.api.internal.tasks.execution.ExecuteActionsTaskExecuter.executeAction(ExecuteActionsTaskExecuter.java:110)
	at org.gradle.api.internal.tasks.execution.ExecuteActionsTaskExecuter.executeActions(ExecuteActionsTaskExecuter.java:92)
	... 29 more


* Get more help at https://help.gradle.org

BUILD FAILED in 10s
69 actionable tasks: 69 executed

2019-01-29 01:11:46,700 INFO  ProjectTaskService - Detecting possible tasks...
2019-01-29 01:11:46,700 INFO  SysUtils - Execute command: [/var/folders/bq/vtzpc5ns5sg2cthy61lqpg3dfzgbys/T/1548713486890-0/src/rx-keyboard-detector-master/gradlew, -b, /var/folders/bq/vtzpc5ns5sg2cthy61lqpg3dfzgbys/T/1548713486890-0/src/rx-keyboard-detector-master/library/build.gradle, -Dorg.gradle.daemon=false, -Dorg.gradle.daemon.performance.enable-monitoring=false, -Dorg.gradle.configureondemand=true, tasks]
2019-01-29 01:11:52,725 INFO  ProjectTaskService - Detected possible tasks: 64
2019-01-29 01:11:52,725 INFO  ProjectTaskService - Excluded tasks (16): lintDebug mockableAndroidJar deviceCheck lint testReleaseUnitTest deviceAndroidTest uninstallDebugAndroidTest installDebugAndroidTest connectedCheck connectedDebugAndroidTest uninstallAll test check testDebugUnitTest connectedAndroidTest lintRelease
2019-01-29 01:11:52,725 INFO  SysUtils - Execute command: [/var/folders/bq/vtzpc5ns5sg2cthy61lqpg3dfzgbys/T/1548713486890-0/src/rx-keyboard-detector-master/gradlew, -b, /var/folders/bq/vtzpc5ns5sg2cthy61lqpg3dfzgbys/T/1548713486890-0/src/rx-keyboard-detector-master/library/build.gradle, -Dorg.gradle.daemon=false, -Dorg.gradle.daemon.performance.enable-monitoring=false, -Dorg.gradle.configureondemand=true, --stacktrace, -x, lintDebug, -x, mockableAndroidJar, -x, deviceCheck, -x, lint, -x, testReleaseUnitTest, -x, deviceAndroidTest, -x, uninstallDebugAndroidTest, -x, installDebugAndroidTest, -x, connectedCheck, -x, connectedDebugAndroidTest, -x, uninstallAll, -x, test, -x, check, -x, testDebugUnitTest, -x, connectedAndroidTest, -x, lintRelease, build]
2019-01-29 01:12:09,501 INFO  SysUtils - Configuration on demand is an incubating feature.
:library:preBuild UP-TO-DATE
:library:preDebugBuild UP-TO-DATE
:library:compileDebugAidl UP-TO-DATE
:library:compileDebugRenderscript UP-TO-DATE
:library:checkDebugManifest UP-TO-DATE
:library:generateDebugBuildConfig UP-TO-DATE
:library:generateDebugResValues UP-TO-DATE
:library:generateDebugResources UP-TO-DATE
:library:packageDebugResources UP-TO-DATE
:library:platformAttrExtractor UP-TO-DATE
:library:processDebugManifest UP-TO-DATE
:library:generateDebugRFile
:library:compileDebugKotlin
:library:prepareLintJar UP-TO-DATE
:library:generateDebugSources
:library:javaPreCompileDebug
:library:compileDebugJavaWithJavac
:library:extractDebugAnnotations
:library:mergeDebugConsumerProguardFiles
:library:mergeDebugShaders UP-TO-DATE
:library:compileDebugShaders UP-TO-DATE
:library:generateDebugAssets UP-TO-DATE
:library:packageDebugAssets UP-TO-DATE
:library:packageDebugRenderscript NO-SOURCE
:library:processDebugJavaRes NO-SOURCE
:library:transformResourcesWithMergeJavaResForDebug
:library:transformClassesAndResourcesWithSyncLibJarsForDebug
:library:compileDebugNdk NO-SOURCE
:library:mergeDebugJniLibFolders UP-TO-DATE
:library:transformNativeLibsWithMergeJniLibsForDebug UP-TO-DATE
:library:transformNativeLibsWithStripDebugSymbolForDebug UP-TO-DATE
:library:transformNativeLibsWithSyncJniLibsForDebug
:library:bundleDebug
:library:compileDebugSources
:library:assembleDebug
:library:preReleaseBuild UP-TO-DATE
:library:compileReleaseAidl UP-TO-DATE
:library:compileReleaseRenderscript UP-TO-DATE
:library:checkReleaseManifest UP-TO-DATE
:library:generateReleaseBuildConfig UP-TO-DATE
:library:generateReleaseResValues UP-TO-DATE
:library:generateReleaseResources UP-TO-DATE
:library:packageReleaseResources UP-TO-DATE
:library:processReleaseManifest UP-TO-DATE
:library:generateReleaseRFile
:library:compileReleaseKotlin
:library:generateReleaseSources
:library:javaPreCompileRelease
:library:compileReleaseJavaWithJavac
:library:extractReleaseAnnotations
:library:mergeReleaseConsumerProguardFiles
:library:mergeReleaseShaders UP-TO-DATE
:library:compileReleaseShaders UP-TO-DATE
:library:generateReleaseAssets UP-TO-DATE
:library:packageReleaseAssets UP-TO-DATE
:library:packageReleaseRenderscript NO-SOURCE
:library:processReleaseJavaRes NO-SOURCE
:library:transformResourcesWithMergeJavaResForRelease
:library:transformClassesAndResourcesWithSyncLibJarsForRelease
:library:compileReleaseNdk NO-SOURCE
:library:mergeReleaseJniLibFolders UP-TO-DATE
:library:transformNativeLibsWithMergeJniLibsForRelease UP-TO-DATE
:library:transformNativeLibsWithStripDebugSymbolForRelease UP-TO-DATE
:library:transformNativeLibsWithSyncJniLibsForRelease
:library:bundleRelease
:library:compileReleaseSources
:library:mergeReleaseResources
:library:verifyReleaseResources
:library:assembleRelease
:library:sourcesJar
:library:assemble
:library:build

BUILD SUCCESSFUL in 16s
51 actionable tasks: 23 executed, 28 up-to-date

2019-01-29 01:12:09,560 INFO  ProjectTaskService - Detecting possible tasks...
2019-01-29 01:12:09,560 INFO  SysUtils - Execute command: [/var/folders/bq/vtzpc5ns5sg2cthy61lqpg3dfzgbys/T/1548713486890-0/src/rx-keyboard-detector-master/gradlew, -b, /var/folders/bq/vtzpc5ns5sg2cthy61lqpg3dfzgbys/T/1548713486890-0/src/rx-keyboard-detector-master/build.gradle, -Dorg.gradle.daemon=false, -Dorg.gradle.daemon.performance.enable-monitoring=false, -Dorg.gradle.configureondemand=true, tasks]
2019-01-29 01:12:16,364 INFO  ProjectTaskService - Detected possible tasks: 70
2019-01-29 01:12:16,364 INFO  ProjectTaskService - Excluded tasks (20): lintDebug mockableAndroidJar deviceCheck lint testReleaseUnitTest uninstallRelease deviceAndroidTest uninstallDebugAndroidTest installRelease installDebugAndroidTest connectedCheck connectedDebugAndroidTest uninstallAll test check testDebugUnitTest connectedAndroidTest installDebug lintRelease uninstallDebug
2019-01-29 01:12:16,364 INFO  SysUtils - Execute command: [/var/folders/bq/vtzpc5ns5sg2cthy61lqpg3dfzgbys/T/1548713486890-0/src/rx-keyboard-detector-master/gradlew, -b, /var/folders/bq/vtzpc5ns5sg2cthy61lqpg3dfzgbys/T/1548713486890-0/src/rx-keyboard-detector-master/build.gradle, -Dorg.gradle.daemon=false, -Dorg.gradle.daemon.performance.enable-monitoring=false, -Dorg.gradle.configureondemand=true, --stacktrace, -x, lintDebug, -x, mockableAndroidJar, -x, deviceCheck, -x, lint, -x, testReleaseUnitTest, -x, uninstallRelease, -x, deviceAndroidTest, -x, uninstallDebugAndroidTest, -x, installRelease, -x, installDebugAndroidTest, -x, connectedCheck, -x, connectedDebugAndroidTest, -x, uninstallAll, -x, test, -x, check, -x, testDebugUnitTest, -x, connectedAndroidTest, -x, installDebug, -x, lintRelease, -x, uninstallDebug, build]
2019-01-29 01:13:05,819 ERROR SysUtils - Could not process external command
org.apache.commons.exec.ExecuteException: Process exited with an error: 1 (Exit value: 1)
	at org.apache.commons.exec.DefaultExecutor.executeInternal(DefaultExecutor.java:404)
	at org.apache.commons.exec.DefaultExecutor.execute(DefaultExecutor.java:166)
	at com.github.vbauer.apkmaster.util.SysUtils.execute(SysUtils.java:67)
	at com.github.vbauer.apkmaster.util.SysUtils.executeSimple(SysUtils.java:43)
	at com.github.vbauer.apkmaster.service.assembly.ProjectBuildService.buildProject(ProjectBuildService.java:78)
	at com.github.vbauer.apkmaster.service.assembly.ProjectBuildService.buildProject(ProjectBuildService.java:64)
	at com.github.vbauer.apkmaster.service.assembly.ProjectBuildService.buildProject(ProjectBuildService.java:43)
	at com.github.vbauer.apkmaster.service.FullProcessService.build(FullProcessService.java:84)
	at com.github.vbauer.apkmaster.service.FullProcessService.process(FullProcessService.java:34)
	at com.github.vbauer.apkmaster.app.MainApplication.process(MainApplication.java:38)
	at com.github.vbauer.apkmaster.app.MainApplication.main(MainApplication.java:20)
	at sun.reflect.GeneratedMethodAccessor8.invoke(Unknown Source)
	at sun.reflect.DelegatingMethodAccessorImpl.invoke(DelegatingMethodAccessorImpl.java:43)
	at java.lang.reflect.Method.invoke(Method.java:498)
	at com.android.arsenal.util.ReflectionUtils.invoke(ReflectionUtils.java:52)
	at com.android.arsenal.util.ApkMasterUtils.main(ApkMasterUtils.java:30)
	at com.android.arsenal.service.processor.impl.BuildProcessorServiceImpl.buildProject(BuildProcessorServiceImpl.java:196)
	at com.android.arsenal.service.processor.impl.BuildProcessorServiceImpl.build(BuildProcessorServiceImpl.java:130)
	at com.android.arsenal.service.processor.impl.BuildProcessorServiceImpl.lambda$createTasks$1(BuildProcessorServiceImpl.java:113)
	at java.util.concurrent.FutureTask.run(FutureTask.java:266)
	at java.util.concurrent.Executors$RunnableAdapter.call(Executors.java:511)
	at java.util.concurrent.FutureTask.run(FutureTask.java:266)
	at java.util.concurrent.ThreadPoolExecutor.runWorker(ThreadPoolExecutor.java:1149)
	at java.util.concurrent.ThreadPoolExecutor$Worker.run(ThreadPoolExecutor.java:624)
	at java.lang.Thread.run(Thread.java:748)
2019-01-29 01:13:05,825 INFO  SysUtils - Configuration on demand is an incubating feature.
example: 'annotationProcessor' dependencies won't be recognized as kapt annotation processors. Please change the configuration name to 'kapt' for these artifacts: 'com.android.databinding:compiler:3.1.0'.
:example:preBuild UP-TO-DATE
:library:preBuild UP-TO-DATE
:library:preDebugBuild UP-TO-DATE
:library:checkDebugManifest UP-TO-DATE
:library:processDebugManifest UP-TO-DATE
:example:preDebugBuild UP-TO-DATE
:library:compileDebugAidl UP-TO-DATE
:example:compileDebugAidl UP-TO-DATE
:library:packageDebugRenderscript NO-SOURCE
:example:compileDebugRenderscript UP-TO-DATE
:example:generateDebugResValues UP-TO-DATE
:example:generateDebugResources UP-TO-DATE
:library:compileDebugRenderscript UP-TO-DATE
:library:generateDebugResValues UP-TO-DATE
:library:generateDebugResources UP-TO-DATE
:library:packageDebugResources UP-TO-DATE
:example:mergeDebugResources UP-TO-DATE
:example:transformDataBindingBaseClassLogWithDataBindingMergeGenClassesForDebug UP-TO-DATE
:example:dataBindingGenBaseClassesDebug UP-TO-DATE
:example:checkDebugManifest UP-TO-DATE
:example:generateDebugBuildConfig UP-TO-DATE
:example:prepareLintJar UP-TO-DATE
:example:mainApkListPersistenceDebug UP-TO-DATE
:example:createDebugCompatibleScreenManifests UP-TO-DATE
:example:processDebugManifest UP-TO-DATE
:example:splitsDiscoveryTaskDebug UP-TO-DATE
:library:platformAttrExtractor UP-TO-DATE
:library:generateDebugRFile UP-TO-DATE
:example:processDebugResources
:example:generateDebugSources
:library:generateDebugBuildConfig UP-TO-DATE
:library:compileDebugKotlin UP-TO-DATE
:library:prepareLintJar UP-TO-DATE
:library:generateDebugSources UP-TO-DATE
:library:javaPreCompileDebug UP-TO-DATE
:library:compileDebugJavaWithJavac UP-TO-DATE
:library:processDebugJavaRes NO-SOURCE
:library:transformClassesAndResourcesWithPrepareIntermediateJarsForDebug
:example:dataBindingExportBuildInfoDebug
:example:kaptGenerateStubsDebugKotlin
Download https://dl.google.com/dl/android/maven2/com/android/databinding/compiler/3.1.0/compiler-3.1.0.jar
:example:transformDataBindingWithDataBindingMergeArtifactsForDebug UP-TO-DATE
:example:kaptDebugKotlin
:example:compileDebugKotlin
:example:javaPreCompileDebug
:example:compileDebugJavaWithJavac
:example:compileDebugNdk NO-SOURCE
:example:compileDebugSources
:example:mergeDebugShaders UP-TO-DATE
:example:compileDebugShaders UP-TO-DATE
:example:generateDebugAssets UP-TO-DATE
:library:mergeDebugShaders UP-TO-DATE
:library:compileDebugShaders UP-TO-DATE
:library:generateDebugAssets UP-TO-DATE
:library:packageDebugAssets UP-TO-DATE
:example:mergeDebugAssets UP-TO-DATE
:example:transformClassesWithDexBuilderForDebug
D8: Stripped invalid locals information from 2 methods.
:example:transformDexArchiveWithExternalLibsDexMergerForDebug
:example:transformDexArchiveWithDexMergerForDebug
:example:mergeDebugJniLibFolders UP-TO-DATE
:library:compileDebugNdk NO-SOURCE
:library:mergeDebugJniLibFolders UP-TO-DATE
:library:transformNativeLibsWithMergeJniLibsForDebug UP-TO-DATE
:library:transformNativeLibsWithStripDebugSymbolForDebug UP-TO-DATE
:library:transformNativeLibsWithIntermediateJniLibsForDebug UP-TO-DATE
:example:transformNativeLibsWithMergeJniLibsForDebug
:example:transformNativeLibsWithStripDebugSymbolForDebug
:example:processDebugJavaRes NO-SOURCE
:example:transformResourcesWithMergeJavaResForDebug
:example:validateSigningDebug UP-TO-DATE
:example:packageDebug
:example:assembleDebug
:library:preReleaseBuild UP-TO-DATE
:library:checkReleaseManifest UP-TO-DATE
:library:processReleaseManifest UP-TO-DATE
:example:preReleaseBuild UP-TO-DATE
:library:compileReleaseAidl UP-TO-DATE
:example:compileReleaseAidl UP-TO-DATE
:library:packageReleaseRenderscript NO-SOURCE
:example:compileReleaseRenderscript UP-TO-DATE
:example:generateReleaseResValues UP-TO-DATE
:example:generateReleaseResources UP-TO-DATE
:library:compileReleaseRenderscript UP-TO-DATE
:library:generateReleaseResValues UP-TO-DATE
:library:generateReleaseResources UP-TO-DATE
:library:packageReleaseResources UP-TO-DATE
:example:mergeReleaseResources UP-TO-DATE
:example:transformDataBindingBaseClassLogWithDataBindingMergeGenClassesForRelease UP-TO-DATE
:example:dataBindingGenBaseClassesRelease UP-TO-DATE
:example:checkReleaseManifest UP-TO-DATE
:example:generateReleaseBuildConfig UP-TO-DATE
:example:mainApkListPersistenceRelease UP-TO-DATE
:example:createReleaseCompatibleScreenManifests UP-TO-DATE
:example:processReleaseManifest UP-TO-DATE
:example:splitsDiscoveryTaskRelease UP-TO-DATE
:library:generateReleaseRFile UP-TO-DATE
:example:processReleaseResources
:example:generateReleaseSources
:library:generateReleaseBuildConfig UP-TO-DATE
:library:compileReleaseKotlin UP-TO-DATE
:library:generateReleaseSources UP-TO-DATE
:library:javaPreCompileRelease UP-TO-DATE
:library:compileReleaseJavaWithJavac UP-TO-DATE
:library:processReleaseJavaRes NO-SOURCE
:library:transformClassesAndResourcesWithPrepareIntermediateJarsForRelease
:example:dataBindingExportBuildInfoRelease
:example:kaptGenerateStubsReleaseKotlin
:example:transformDataBindingWithDataBindingMergeArtifactsForRelease UP-TO-DATE
:example:kaptReleaseKotlin
:example:compileReleaseKotlin
:example:javaPreCompileRelease
:example:compileReleaseJavaWithJavac
:example:compileReleaseNdk NO-SOURCE
:example:compileReleaseSources
:example:lintVitalRelease
Download https://jcenter.bintray.com/org/robolectric/sandbox/3.5.1/sandbox-3.5.1.jar
Download https://jcenter.bintray.com/org/robolectric/junit/3.5.1/junit-3.5.1.jar
Download https://jcenter.bintray.com/org/robolectric/annotations/3.5.1/annotations-3.5.1.jar
Download https://jcenter.bintray.com/org/robolectric/utils/3.5.1/utils-3.5.1.jar
Download https://jcenter.bintray.com/org/robolectric/shadowapi/3.5.1/shadowapi-3.5.1.jar
Download https://jcenter.bintray.com/org/robolectric/resources/3.5.1/resources-3.5.1.jar
Download https://jcenter.bintray.com/org/robolectric/robolectric/3.5.1/robolectric-3.5.1.jar
Download https://jcenter.bintray.com/org/robolectric/shadows-framework/3.5.1/shadows-framework-3.5.1.jar
Warning: Configuration file /private/var/folders/bq/vtzpc5ns5sg2cthy61lqpg3dfzgbys/T/1548713486890-0/src/rx-keyboard-detector-master/example/lint.xml does not exist
:example:mergeReleaseShaders UP-TO-DATE
:example:compileReleaseShaders UP-TO-DATE
:example:generateReleaseAssets UP-TO-DATE
:library:mergeReleaseShaders UP-TO-DATE
:library:compileReleaseShaders UP-TO-DATE
:library:generateReleaseAssets UP-TO-DATE
:library:packageReleaseAssets UP-TO-DATE
:example:mergeReleaseAssets UP-TO-DATE
:example:transformClassesWithDexBuilderForRelease
:example:transformDexArchiveWithExternalLibsDexMergerForRelease
:example:transformDexArchiveWithDexMergerForRelease
:example:mergeReleaseJniLibFolders UP-TO-DATE
:library:compileReleaseNdk NO-SOURCE
:library:mergeReleaseJniLibFolders UP-TO-DATE
:library:transformNativeLibsWithMergeJniLibsForRelease UP-TO-DATE
:library:transformNativeLibsWithStripDebugSymbolForRelease UP-TO-DATE
:library:transformNativeLibsWithIntermediateJniLibsForRelease UP-TO-DATE
:example:transformNativeLibsWithMergeJniLibsForRelease
:example:transformNativeLibsWithStripDebugSymbolForRelease
:example:processReleaseJavaRes NO-SOURCE
:example:transformResourcesWithMergeJavaResForRelease
:example:validateSigningRelease FAILED

FAILURE: Build failed with an exception.

* What went wrong:
Execution failed for task ':example:validateSigningRelease'.
> Keystore file '/private/var/folders/bq/vtzpc5ns5sg2cthy61lqpg3dfzgbys/T/1548713486890-0/src/rx-keyboard-detector-master/example/debug.keystore' not found for signing config 'release'.

* Try:
Run with --info or --debug option to get more log output. Run with --scan to get full insights.

* Exception is:
org.gradle.api.tasks.TaskExecutionException: Execution failed for task ':example:validateSigningRelease'.
	at org.gradle.api.internal.tasks.execution.ExecuteActionsTaskExecuter.executeActions(ExecuteActionsTaskExecuter.java:100)
	at org.gradle.api.internal.tasks.execution.ExecuteActionsTaskExecuter.execute(ExecuteActionsTaskExecuter.java:70)
	at org.gradle.api.internal.tasks.execution.OutputDirectoryCreatingTaskExecuter.execute(OutputDirectoryCreatingTaskExecuter.java:51)
	at org.gradle.api.internal.tasks.execution.SkipUpToDateTaskExecuter.execute(SkipUpToDateTaskExecuter.java:62)
	at org.gradle.api.internal.tasks.execution.ResolveTaskOutputCachingStateExecuter.execute(ResolveTaskOutputCachingStateExecuter.java:54)
	at org.gradle.api.internal.tasks.execution.ValidatingTaskExecuter.execute(ValidatingTaskExecuter.java:60)
	at org.gradle.api.internal.tasks.execution.SkipEmptySourceFilesTaskExecuter.execute(SkipEmptySourceFilesTaskExecuter.java:97)
	at org.gradle.api.internal.tasks.execution.CleanupStaleOutputsExecuter.execute(CleanupStaleOutputsExecuter.java:87)
	at org.gradle.api.internal.tasks.execution.ResolveTaskArtifactStateTaskExecuter.execute(ResolveTaskArtifactStateTaskExecuter.java:52)
	at org.gradle.api.internal.tasks.execution.SkipTaskWithNoActionsExecuter.execute(SkipTaskWithNoActionsExecuter.java:52)
	at org.gradle.api.internal.tasks.execution.SkipOnlyIfTaskExecuter.execute(SkipOnlyIfTaskExecuter.java:54)
	at org.gradle.api.internal.tasks.execution.ExecuteAtMostOnceTaskExecuter.execute(ExecuteAtMostOnceTaskExecuter.java:43)
	at org.gradle.api.internal.tasks.execution.CatchExceptionTaskExecuter.execute(CatchExceptionTaskExecuter.java:34)
	at org.gradle.execution.taskgraph.DefaultTaskGraphExecuter$EventFiringTaskWorker$1.run(DefaultTaskGraphExecuter.java:248)
	at org.gradle.internal.progress.DefaultBuildOperationExecutor$RunnableBuildOperationWorker.execute(DefaultBuildOperationExecutor.java:336)
	at org.gradle.internal.progress.DefaultBuildOperationExecutor$RunnableBuildOperationWorker.execute(DefaultBuildOperationExecutor.java:328)
	at org.gradle.internal.progress.DefaultBuildOperationExecutor.execute(DefaultBuildOperationExecutor.java:199)
	at org.gradle.internal.progress.DefaultBuildOperationExecutor.run(DefaultBuildOperationExecutor.java:110)
	at org.gradle.execution.taskgraph.DefaultTaskGraphExecuter$EventFiringTaskWorker.execute(DefaultTaskGraphExecuter.java:241)
	at org.gradle.execution.taskgraph.DefaultTaskGraphExecuter$EventFiringTaskWorker.execute(DefaultTaskGraphExecuter.java:230)
	at org.gradle.execution.taskgraph.DefaultTaskPlanExecutor$TaskExecutorWorker.processTask(DefaultTaskPlanExecutor.java:123)
	at org.gradle.execution.taskgraph.DefaultTaskPlanExecutor$TaskExecutorWorker.access$200(DefaultTaskPlanExecutor.java:79)
	at org.gradle.execution.taskgraph.DefaultTaskPlanExecutor$TaskExecutorWorker$1.execute(DefaultTaskPlanExecutor.java:104)
	at org.gradle.execution.taskgraph.DefaultTaskPlanExecutor$TaskExecutorWorker$1.execute(DefaultTaskPlanExecutor.java:98)
	at org.gradle.execution.taskgraph.DefaultTaskExecutionPlan.execute(DefaultTaskExecutionPlan.java:626)
	at org.gradle.execution.taskgraph.DefaultTaskExecutionPlan.executeWithTask(DefaultTaskExecutionPlan.java:581)
	at org.gradle.execution.taskgraph.DefaultTaskPlanExecutor$TaskExecutorWorker.run(DefaultTaskPlanExecutor.java:98)
	at org.gradle.execution.taskgraph.DefaultTaskPlanExecutor.process(DefaultTaskPlanExecutor.java:59)
	at org.gradle.execution.taskgraph.DefaultTaskGraphExecuter.execute(DefaultTaskGraphExecuter.java:128)
	at org.gradle.execution.SelectedTaskExecutionAction.execute(SelectedTaskExecutionAction.java:37)
	at org.gradle.execution.DefaultBuildExecuter.execute(DefaultBuildExecuter.java:37)
	at org.gradle.execution.DefaultBuildExecuter.access$000(DefaultBuildExecuter.java:23)
	at org.gradle.execution.DefaultBuildExecuter$1.proceed(DefaultBuildExecuter.java:43)
	at org.gradle.execution.DryRunBuildExecutionAction.execute(DryRunBuildExecutionAction.java:46)
	at org.gradle.execution.DefaultBuildExecuter.execute(DefaultBuildExecuter.java:37)
	at org.gradle.execution.DefaultBuildExecuter.execute(DefaultBuildExecuter.java:30)
	at org.gradle.initialization.DefaultGradleLauncher$ExecuteTasks.run(DefaultGradleLauncher.java:314)
	at org.gradle.internal.progress.DefaultBuildOperationExecutor$RunnableBuildOperationWorker.execute(DefaultBuildOperationExecutor.java:336)
	at org.gradle.internal.progress.DefaultBuildOperationExecutor$RunnableBuildOperationWorker.execute(DefaultBuildOperationExecutor.java:328)
	at org.gradle.internal.progress.DefaultBuildOperationExecutor.execute(DefaultBuildOperationExecutor.java:199)
	at org.gradle.internal.progress.DefaultBuildOperationExecutor.run(DefaultBuildOperationExecutor.java:110)
	at org.gradle.initialization.DefaultGradleLauncher.runTasks(DefaultGradleLauncher.java:204)
	at org.gradle.initialization.DefaultGradleLauncher.doBuildStages(DefaultGradleLauncher.java:134)
	at org.gradle.initialization.DefaultGradleLauncher.executeTasks(DefaultGradleLauncher.java:109)
	at org.gradle.internal.invocation.GradleBuildController$1.call(GradleBuildController.java:78)
	at org.gradle.internal.invocation.GradleBuildController$1.call(GradleBuildController.java:75)
	at org.gradle.internal.work.DefaultWorkerLeaseService.withLocks(DefaultWorkerLeaseService.java:152)
	at org.gradle.internal.invocation.GradleBuildController.doBuild(GradleBuildController.java:100)
	at org.gradle.internal.invocation.GradleBuildController.run(GradleBuildController.java:75)
	at org.gradle.tooling.internal.provider.ExecuteBuildActionRunner.run(ExecuteBuildActionRunner.java:28)
	at org.gradle.launcher.exec.ChainingBuildActionRunner.run(ChainingBuildActionRunner.java:35)
	at org.gradle.tooling.internal.provider.ValidatingBuildActionRunner.run(ValidatingBuildActionRunner.java:32)
	at org.gradle.launcher.exec.RunAsBuildOperationBuildActionRunner$1.run(RunAsBuildOperationBuildActionRunner.java:43)
	at org.gradle.internal.progress.DefaultBuildOperationExecutor$RunnableBuildOperationWorker.execute(DefaultBuildOperationExecutor.java:336)
	at org.gradle.internal.progress.DefaultBuildOperationExecutor$RunnableBuildOperationWorker.execute(DefaultBuildOperationExecutor.java:328)
	at org.gradle.internal.progress.DefaultBuildOperationExecutor.execute(DefaultBuildOperationExecutor.java:199)
	at org.gradle.internal.progress.DefaultBuildOperationExecutor.run(DefaultBuildOperationExecutor.java:110)
	at org.gradle.launcher.exec.RunAsBuildOperationBuildActionRunner.run(RunAsBuildOperationBuildActionRunner.java:40)
	at org.gradle.tooling.internal.provider.SubscribableBuildActionRunner.run(SubscribableBuildActionRunner.java:51)
	at org.gradle.launcher.exec.InProcessBuildActionExecuter.execute(InProcessBuildActionExecuter.java:47)
	at org.gradle.launcher.exec.InProcessBuildActionExecuter.execute(InProcessBuildActionExecuter.java:30)
	at org.gradle.launcher.exec.BuildTreeScopeBuildActionExecuter.execute(BuildTreeScopeBuildActionExecuter.java:39)
	at org.gradle.launcher.exec.BuildTreeScopeBuildActionExecuter.execute(BuildTreeScopeBuildActionExecuter.java:25)
	at org.gradle.tooling.internal.provider.ContinuousBuildActionExecuter.execute(ContinuousBuildActionExecuter.java:80)
	at org.gradle.tooling.internal.provider.ContinuousBuildActionExecuter.execute(ContinuousBuildActionExecuter.java:53)
	at org.gradle.tooling.internal.provider.ServicesSetupBuildActionExecuter.execute(ServicesSetupBuildActionExecuter.java:57)
	at org.gradle.tooling.internal.provider.ServicesSetupBuildActionExecuter.execute(ServicesSetupBuildActionExecuter.java:32)
	at org.gradle.tooling.internal.provider.GradleThreadBuildActionExecuter.execute(GradleThreadBuildActionExecuter.java:36)
	at org.gradle.tooling.internal.provider.GradleThreadBuildActionExecuter.execute(GradleThreadBuildActionExecuter.java:25)
	at org.gradle.tooling.internal.provider.ParallelismConfigurationBuildActionExecuter.execute(ParallelismConfigurationBuildActionExecuter.java:43)
	at org.gradle.tooling.internal.provider.ParallelismConfigurationBuildActionExecuter.execute(ParallelismConfigurationBuildActionExecuter.java:29)
	at org.gradle.tooling.internal.provider.StartParamsValidatingActionExecuter.execute(StartParamsValidatingActionExecuter.java:69)
	at org.gradle.tooling.internal.provider.StartParamsValidatingActionExecuter.execute(StartParamsValidatingActionExecuter.java:30)
	at org.gradle.tooling.internal.provider.SessionFailureReportingActionExecuter.execute(SessionFailureReportingActionExecuter.java:59)
	at org.gradle.tooling.internal.provider.SessionFailureReportingActionExecuter.execute(SessionFailureReportingActionExecuter.java:44)
	at org.gradle.tooling.internal.provider.SetupLoggingActionExecuter.execute(SetupLoggingActionExecuter.java:45)
	at org.gradle.tooling.internal.provider.SetupLoggingActionExecuter.execute(SetupLoggingActionExecuter.java:30)
	at org.gradle.launcher.cli.RunBuildAction.run(RunBuildAction.java:51)
	at org.gradle.internal.Actions$RunnableActionAdapter.execute(Actions.java:173)
	at org.gradle.launcher.cli.CommandLineActionFactory$ParseAndBuildAction.execute(CommandLineActionFactory.java:291)
	at org.gradle.launcher.cli.CommandLineActionFactory$ParseAndBuildAction.execute(CommandLineActionFactory.java:264)
	at org.gradle.launcher.cli.JavaRuntimeValidationAction.execute(JavaRuntimeValidationAction.java:33)
	at org.gradle.launcher.cli.JavaRuntimeValidationAction.execute(JavaRuntimeValidationAction.java:24)
	at org.gradle.launcher.cli.ExceptionReportingAction.execute(ExceptionReportingAction.java:33)
	at org.gradle.launcher.cli.ExceptionReportingAction.execute(ExceptionReportingAction.java:22)
	at org.gradle.launcher.cli.CommandLineActionFactory$WithLogging.execute(CommandLineActionFactory.java:257)
	at org.gradle.launcher.cli.CommandLineActionFactory$WithLogging.execute(CommandLineActionFactory.java:191)
	at org.gradle.launcher.Main.doAction(Main.java:33)
	at org.gradle.launcher.bootstrap.EntryPoint.run(EntryPoint.java:45)
	at org.gradle.launcher.bootstrap.ProcessBootstrap.runNoExit(ProcessBootstrap.java:60)
	at org.gradle.launcher.bootstrap.ProcessBootstrap.run(ProcessBootstrap.java:37)
	at org.gradle.launcher.GradleMain.main(GradleMain.java:23)
	at org.gradle.wrapper.BootstrapMainStarter.start(BootstrapMainStarter.java:31)
	at org.gradle.wrapper.WrapperExecutor.execute(WrapperExecutor.java:108)
	at org.gradle.wrapper.GradleWrapperMain.main(GradleWrapperMain.java:61)
Caused by: org.gradle.api.InvalidUserDataException: Keystore file '/private/var/folders/bq/vtzpc5ns5sg2cthy61lqpg3dfzgbys/T/1548713486890-0/src/rx-keyboard-detector-master/example/debug.keystore' not found for signing config 'release'.
	at com.android.build.gradle.internal.tasks.ValidateSigningTask.validate(ValidateSigningTask.kt:71)
	at org.gradle.internal.reflect.JavaMethod.invoke(JavaMethod.java:73)
	at org.gradle.api.internal.project.taskfactory.StandardTaskAction.doExecute(StandardTaskAction.java:46)
	at org.gradle.api.internal.project.taskfactory.StandardTaskAction.execute(StandardTaskAction.java:39)
	at org.gradle.api.internal.project.taskfactory.StandardTaskAction.execute(StandardTaskAction.java:26)
	at org.gradle.api.internal.AbstractTask$TaskActionWrapper.execute(AbstractTask.java:780)
	at org.gradle.api.internal.AbstractTask$TaskActionWrapper.execute(AbstractTask.java:747)
	at org.gradle.api.internal.tasks.execution.ExecuteActionsTaskExecuter$1.run(ExecuteActionsTaskExecuter.java:121)
	at org.gradle.internal.progress.DefaultBuildOperationExecutor$RunnableBuildOperationWorker.execute(DefaultBuildOperationExecutor.java:336)
	at org.gradle.internal.progress.DefaultBuildOperationExecutor$RunnableBuildOperationWorker.execute(DefaultBuildOperationExecutor.java:328)
	at org.gradle.internal.progress.DefaultBuildOperationExecutor.execute(DefaultBuildOperationExecutor.java:199)
	at org.gradle.internal.progress.DefaultBuildOperationExecutor.run(DefaultBuildOperationExecutor.java:110)
	at org.gradle.api.internal.tasks.execution.ExecuteActionsTaskExecuter.executeAction(ExecuteActionsTaskExecuter.java:110)
	at org.gradle.api.internal.tasks.execution.ExecuteActionsTaskExecuter.executeActions(ExecuteActionsTaskExecuter.java:92)
	... 94 more


* Get more help at https://help.gradle.org

BUILD FAILED in 48s
107 actionable tasks: 31 executed, 76 up-to-date

2019-01-29 01:13:05,920 INFO  FullProcessService - Found APK file: /var/folders/bq/vtzpc5ns5sg2cthy61lqpg3dfzgbys/T/1548713486890-0/src/rx-keyboard-detector-master/example/build/outputs/apk/debug/example-debug.apk
